<?xml version="1.0" encoding="UTF-8"?>
<coverage generated="1547777810863" clover="3.2.0">
  <project timestamp="1547777810863" name="All files">
    <metrics statements="53" coveredstatements="48" conditionals="6" coveredconditionals="4" methods="20" coveredmethods="16" elements="79" coveredelements="68" complexity="0" loc="53" ncloc="53" packages="4" files="5" classes="5">
      <package name="components.ContentSlider">
        <metrics statements="43" coveredstatements="38" conditionals="6" coveredconditionals="4" methods="17" coveredmethods="13"/>
        <file name="ContentSlider.js" path="C:\Users\apett\web-projects\next-js\portfolio-site\components\ContentSlider\ContentSlider.js">
          <metrics statements="30" coveredstatements="28" conditionals="6" coveredconditionals="4" methods="10" coveredmethods="9"/>
          <line num="15" count="3" type="stmt"/>
          <line num="16" count="3" type="stmt"/>
          <line num="20" count="3" type="stmt"/>
          <line num="21" count="3" type="stmt"/>
          <line num="23" count="3" type="stmt"/>
          <line num="24" count="3" type="stmt"/>
          <line num="25" count="21" type="cond" truecount="2" falsecount="0"/>
          <line num="27" count="3" type="stmt"/>
          <line num="31" count="3" type="stmt"/>
          <line num="32" count="3" type="stmt"/>
          <line num="33" count="3" type="stmt"/>
          <line num="34" count="3" type="stmt"/>
          <line num="35" count="3" type="stmt"/>
          <line num="36" count="0" type="stmt"/>
          <line num="41" count="1" type="stmt"/>
          <line num="42" count="1" type="stmt"/>
          <line num="43" count="1" type="stmt"/>
          <line num="46" count="1" type="stmt"/>
          <line num="48" count="1" type="stmt"/>
          <line num="50" count="1" type="cond" truecount="1" falsecount="1"/>
          <line num="51" count="0" type="stmt"/>
          <line num="54" count="1" type="stmt"/>
          <line num="57" count="1" type="stmt"/>
          <line num="59" count="1" type="cond" truecount="1" falsecount="1"/>
          <line num="61" count="1" type="stmt"/>
          <line num="64" count="5" type="stmt"/>
          <line num="67" count="7" type="stmt"/>
          <line num="76" count="7" type="stmt"/>
          <line num="92" count="7" type="stmt"/>
          <line num="108" count="7" type="stmt"/>
        </file>
        <file name="animations.js" path="C:\Users\apett\web-projects\next-js\portfolio-site\components\ContentSlider\animations.js">
          <metrics statements="13" coveredstatements="10" conditionals="0" coveredconditionals="0" methods="7" coveredmethods="4"/>
          <line num="4" count="2" type="stmt"/>
          <line num="5" count="3" type="stmt"/>
          <line num="22" count="2" type="stmt"/>
          <line num="23" count="1" type="stmt"/>
          <line num="32" count="2" type="stmt"/>
          <line num="33" count="2" type="stmt"/>
          <line num="49" count="0" type="stmt"/>
          <line num="55" count="2" type="stmt"/>
          <line num="56" count="3" type="stmt"/>
          <line num="59" count="2" type="stmt"/>
          <line num="60" count="0" type="stmt"/>
          <line num="75" count="2" type="stmt"/>
          <line num="76" count="0" type="stmt"/>
        </file>
      </package>
      <package name="components.ContentSlider.SVGDownArrow">
        <metrics statements="1" coveredstatements="1" conditionals="0" coveredconditionals="0" methods="1" coveredmethods="1"/>
        <file name="SVGDownArrow.js" path="C:\Users\apett\web-projects\next-js\portfolio-site\components\ContentSlider\SVGDownArrow\SVGDownArrow.js">
          <metrics statements="1" coveredstatements="1" conditionals="0" coveredconditionals="0" methods="1" coveredmethods="1"/>
          <line num="3" count="5" type="stmt"/>
        </file>
      </package>
      <package name="tests">
        <metrics statements="3" coveredstatements="3" conditionals="0" coveredconditionals="0" methods="0" coveredmethods="0"/>
        <file name="setup.js" path="C:\Users\apett\web-projects\next-js\portfolio-site\tests\setup.js">
          <metrics statements="3" coveredstatements="3" conditionals="0" coveredconditionals="0" methods="0" coveredmethods="0"/>
          <line num="1" count="3" type="stmt"/>
          <line num="2" count="3" type="stmt"/>
          <line num="3" count="3" type="stmt"/>
        </file>
      </package>
      <package name="utils">
        <metrics statements="6" coveredstatements="6" conditionals="0" coveredconditionals="0" methods="2" coveredmethods="2"/>
        <file name="utils.js" path="C:\Users\apett\web-projects\next-js\portfolio-site\utils\utils.js">
          <metrics statements="6" coveredstatements="6" conditionals="0" coveredconditionals="0" methods="2" coveredmethods="2"/>
          <line num="1" count="1" type="stmt"/>
          <line num="2" count="1" type="stmt"/>
          <line num="3" count="1" type="stmt"/>
          <line num="4" count="1" type="stmt"/>
          <line num="7" count="1" type="stmt"/>
          <line num="8" count="2" type="stmt"/>
        </file>
      </package>
    </metrics>
  </project>
</coverage>
