<?xml version="1.0" encoding="UTF-8"?>
<coverage generated="1547939743905" clover="3.2.0">
  <project timestamp="1547939743906" name="All files">
    <metrics statements="78" coveredstatements="51" conditionals="22" coveredconditionals="6" methods="28" coveredmethods="19" elements="128" coveredelements="76" complexity="0" loc="78" ncloc="78" packages="6" files="7" classes="7">
      <package name="components.ContentSlider">
        <metrics statements="39" coveredstatements="39" conditionals="6" coveredconditionals="6" methods="16" coveredmethods="16"/>
        <file name="ContentSlider.js" path="C:\Users\apett\web-projects\next-js\portfolio-site\components\ContentSlider\ContentSlider.js">
          <metrics statements="31" coveredstatements="31" conditionals="6" coveredconditionals="6" methods="12" coveredmethods="12"/>
          <line num="15" count="3" type="stmt"/>
          <line num="16" count="3" type="stmt"/>
          <line num="20" count="3" type="stmt"/>
          <line num="21" count="3" type="stmt"/>
          <line num="23" count="3" type="stmt"/>
          <line num="24" count="3" type="stmt"/>
          <line num="25" count="51" type="cond" truecount="2" falsecount="0"/>
          <line num="27" count="3" type="stmt"/>
          <line num="31" count="3" type="stmt"/>
          <line num="35" count="3" type="stmt"/>
          <line num="36" count="3" type="stmt"/>
          <line num="37" count="3" type="stmt"/>
          <line num="38" count="3" type="stmt"/>
          <line num="42" count="4" type="stmt"/>
          <line num="43" count="2" type="stmt"/>
          <line num="48" count="3" type="stmt"/>
          <line num="49" count="3" type="stmt"/>
          <line num="50" count="3" type="stmt"/>
          <line num="53" count="3" type="stmt"/>
          <line num="55" count="3" type="stmt"/>
          <line num="57" count="3" type="cond" truecount="2" falsecount="0"/>
          <line num="58" count="1" type="stmt"/>
          <line num="60" count="2" type="stmt"/>
          <line num="63" count="3" type="stmt"/>
          <line num="65" count="3" type="cond" truecount="2" falsecount="0"/>
          <line num="67" count="3" type="stmt"/>
          <line num="70" count="10" type="stmt"/>
          <line num="73" count="17" type="stmt"/>
          <line num="82" count="17" type="stmt"/>
          <line num="97" count="17" type="stmt"/>
          <line num="113" count="17" type="stmt"/>
        </file>
        <file name="animations.js" path="C:\Users\apett\web-projects\next-js\portfolio-site\components\ContentSlider\animations.js">
          <metrics statements="8" coveredstatements="8" conditionals="0" coveredconditionals="0" methods="4" coveredmethods="4"/>
          <line num="4" count="1" type="stmt"/>
          <line num="5" count="3" type="stmt"/>
          <line num="22" count="1" type="stmt"/>
          <line num="23" count="3" type="stmt"/>
          <line num="32" count="1" type="stmt"/>
          <line num="33" count="3" type="stmt"/>
          <line num="53" count="1" type="stmt"/>
          <line num="54" count="3" type="stmt"/>
        </file>
      </package>
      <package name="components.ContentSlider.SVGDownArrow">
        <metrics statements="1" coveredstatements="1" conditionals="0" coveredconditionals="0" methods="1" coveredmethods="1"/>
        <file name="SVGDownArrow.js" path="C:\Users\apett\web-projects\next-js\portfolio-site\components\ContentSlider\SVGDownArrow\SVGDownArrow.js">
          <metrics statements="1" coveredstatements="1" conditionals="0" coveredconditionals="0" methods="1" coveredmethods="1"/>
          <line num="3" count="10" type="stmt"/>
        </file>
      </package>
      <package name="components.PostList">
        <metrics statements="26" coveredstatements="1" conditionals="16" coveredconditionals="0" methods="8" coveredmethods="0"/>
        <file name="PostList.js" path="C:\Users\apett\web-projects\next-js\portfolio-site\components\PostList\PostList.js">
          <metrics statements="26" coveredstatements="1" conditionals="16" coveredconditionals="0" methods="8" coveredmethods="0"/>
          <line num="9" count="0" type="stmt"/>
          <line num="10" count="0" type="stmt"/>
          <line num="11" count="0" type="stmt"/>
          <line num="12" count="0" type="cond" truecount="0" falsecount="2"/>
          <line num="14" count="0" type="stmt"/>
          <line num="18" count="0" type="stmt"/>
          <line num="19" count="0" type="stmt"/>
          <line num="25" count="0" type="cond" truecount="0" falsecount="2"/>
          <line num="26" count="0" type="stmt"/>
          <line num="34" count="0" type="cond" truecount="0" falsecount="2"/>
          <line num="35" count="0" type="stmt"/>
          <line num="46" count="0" type="cond" truecount="0" falsecount="2"/>
          <line num="47" count="0" type="stmt"/>
          <line num="48" count="0" type="stmt"/>
          <line num="49" count="0" type="stmt"/>
          <line num="53" count="0" type="stmt"/>
          <line num="54" count="0" type="stmt"/>
          <line num="55" count="0" type="cond" truecount="0" falsecount="2"/>
          <line num="56" count="0" type="stmt"/>
          <line num="67" count="0" type="stmt"/>
          <line num="69" count="0" type="cond" truecount="0" falsecount="2"/>
          <line num="70" count="0" type="stmt"/>
          <line num="86" count="0" type="cond" truecount="0" falsecount="4"/>
          <line num="87" count="0" type="stmt"/>
          <line num="88" count="0" type="stmt"/>
          <line num="144" count="1" type="stmt"/>
        </file>
      </package>
      <package name="components.PostList.PostItem">
        <metrics statements="3" coveredstatements="1" conditionals="0" coveredconditionals="0" methods="1" coveredmethods="0"/>
        <file name="PostItem.js" path="C:\Users\apett\web-projects\next-js\portfolio-site\components\PostList\PostItem\PostItem.js">
          <metrics statements="3" coveredstatements="1" conditionals="0" coveredconditionals="0" methods="1" coveredmethods="0"/>
          <line num="8" count="0" type="stmt"/>
          <line num="9" count="0" type="stmt"/>
          <line num="71" count="1" type="stmt"/>
        </file>
      </package>
      <package name="tests">
        <metrics statements="3" coveredstatements="3" conditionals="0" coveredconditionals="0" methods="0" coveredmethods="0"/>
        <file name="setup.js" path="C:\Users\apett\web-projects\next-js\portfolio-site\tests\setup.js">
          <metrics statements="3" coveredstatements="3" conditionals="0" coveredconditionals="0" methods="0" coveredmethods="0"/>
          <line num="1" count="3" type="stmt"/>
          <line num="2" count="3" type="stmt"/>
          <line num="3" count="3" type="stmt"/>
        </file>
      </package>
      <package name="utils">
        <metrics statements="6" coveredstatements="6" conditionals="0" coveredconditionals="0" methods="2" coveredmethods="2"/>
        <file name="utils.js" path="C:\Users\apett\web-projects\next-js\portfolio-site\utils\utils.js">
          <metrics statements="6" coveredstatements="6" conditionals="0" coveredconditionals="0" methods="2" coveredmethods="2"/>
          <line num="1" count="2" type="stmt"/>
          <line num="2" count="1" type="stmt"/>
          <line num="3" count="1" type="stmt"/>
          <line num="4" count="1" type="stmt"/>
          <line num="7" count="2" type="stmt"/>
          <line num="8" count="2" type="stmt"/>
        </file>
      </package>
    </metrics>
  </project>
</coverage>
