{"C:\\Users\\apett\\web-projects\\next-js\\portfolio-site\\components\\ContentSlider\\ContentSlider.js": {"path":"C:\\Users\\apett\\web-projects\\next-js\\portfolio-site\\components\\ContentSlider\\ContentSlider.js","statementMap":{"0":{"start":{"line":15,"column":4},"end":{"line":15,"column":12}},"1":{"start":{"line":16,"column":4},"end":{"line":19,"column":6}},"2":{"start":{"line":20,"column":4},"end":{"line":20,"column":19}},"3":{"start":{"line":21,"column":4},"end":{"line":21,"column":58}},"4":{"start":{"line":23,"column":4},"end":{"line":23,"column":28}},"5":{"start":{"line":24,"column":4},"end":{"line":26,"column":6}},"6":{"start":{"line":25,"column":6},"end":{"line":25,"column":74}},"7":{"start":{"line":25,"column":41},"end":{"line":25,"column":74}},"8":{"start":{"line":27,"column":4},"end":{"line":27,"column":57}},"9":{"start":{"line":31,"column":4},"end":{"line":31,"column":34}},"10":{"start":{"line":35,"column":41},"end":{"line":35,"column":45}},"11":{"start":{"line":36,"column":27},"end":{"line":36,"column":37}},"12":{"start":{"line":37,"column":4},"end":{"line":37,"column":44}},"13":{"start":{"line":38,"column":4},"end":{"line":38,"column":22}},"14":{"start":{"line":42,"column":4},"end":{"line":44,"column":12}},"15":{"start":{"line":43,"column":6},"end":{"line":43,"column":43}},"16":{"start":{"line":48,"column":30},"end":{"line":48,"column":34}},"17":{"start":{"line":49,"column":25},"end":{"line":49,"column":45}},"18":{"start":{"line":50,"column":22},"end":{"line":50,"column":43}},"19":{"start":{"line":53,"column":4},"end":{"line":53,"column":46}},"20":{"start":{"line":55,"column":4},"end":{"line":55,"column":38}},"21":{"start":{"line":57,"column":4},"end":{"line":60,"column":54}},"22":{"start":{"line":58,"column":6},"end":{"line":58,"column":39}},"23":{"start":{"line":60,"column":9},"end":{"line":60,"column":54}},"24":{"start":{"line":63,"column":4},"end":{"line":63,"column":30}},"25":{"start":{"line":65,"column":4},"end":{"line":65,"column":50}},"26":{"start":{"line":65,"column":36},"end":{"line":65,"column":50}},"27":{"start":{"line":67,"column":4},"end":{"line":67,"column":70}},"28":{"start":{"line":70,"column":4},"end":{"line":178,"column":6}},"29":{"start":{"line":73,"column":26},"end":{"line":73,"column":53}},"30":{"start":{"line":82,"column":26},"end":{"line":82,"column":53}},"31":{"start":{"line":97,"column":26},"end":{"line":97,"column":53}},"32":{"start":{"line":113,"column":27},"end":{"line":113,"column":51}}},"fnMap":{"0":{"name":"(anonymous_0)","decl":{"start":{"line":14,"column":2},"end":{"line":14,"column":3}},"loc":{"start":{"line":14,"column":16},"end":{"line":28,"column":3}},"line":14},"1":{"name":"(anonymous_1)","decl":{"start":{"line":24,"column":25},"end":{"line":24,"column":26}},"loc":{"start":{"line":24,"column":36},"end":{"line":26,"column":5}},"line":24},"2":{"name":"(anonymous_2)","decl":{"start":{"line":30,"column":2},"end":{"line":30,"column":3}},"loc":{"start":{"line":30,"column":22},"end":{"line":32,"column":3}},"line":30},"3":{"name":"(anonymous_3)","decl":{"start":{"line":34,"column":2},"end":{"line":34,"column":3}},"loc":{"start":{"line":34,"column":27},"end":{"line":39,"column":3}},"line":34},"4":{"name":"(anonymous_4)","decl":{"start":{"line":41,"column":2},"end":{"line":41,"column":3}},"loc":{"start":{"line":41,"column":23},"end":{"line":45,"column":3}},"line":41},"5":{"name":"(anonymous_5)","decl":{"start":{"line":42,"column":15},"end":{"line":42,"column":16}},"loc":{"start":{"line":42,"column":21},"end":{"line":44,"column":5}},"line":42},"6":{"name":"(anonymous_6)","decl":{"start":{"line":47,"column":2},"end":{"line":47,"column":3}},"loc":{"start":{"line":47,"column":19},"end":{"line":68,"column":3}},"line":47},"7":{"name":"(anonymous_7)","decl":{"start":{"line":69,"column":2},"end":{"line":69,"column":3}},"loc":{"start":{"line":69,"column":11},"end":{"line":179,"column":3}},"line":69},"8":{"name":"(anonymous_8)","decl":{"start":{"line":73,"column":15},"end":{"line":73,"column":16}},"loc":{"start":{"line":73,"column":26},"end":{"line":73,"column":53}},"line":73},"9":{"name":"(anonymous_9)","decl":{"start":{"line":82,"column":15},"end":{"line":82,"column":16}},"loc":{"start":{"line":82,"column":26},"end":{"line":82,"column":53}},"line":82},"10":{"name":"(anonymous_10)","decl":{"start":{"line":97,"column":15},"end":{"line":97,"column":16}},"loc":{"start":{"line":97,"column":26},"end":{"line":97,"column":53}},"line":97},"11":{"name":"(anonymous_11)","decl":{"start":{"line":113,"column":15},"end":{"line":113,"column":16}},"loc":{"start":{"line":113,"column":27},"end":{"line":113,"column":51}},"line":113}},"branchMap":{"0":{"loc":{"start":{"line":25,"column":6},"end":{"line":25,"column":74}},"type":"if","locations":[{"start":{"line":25,"column":6},"end":{"line":25,"column":74}},{"start":{"line":25,"column":6},"end":{"line":25,"column":74}}],"line":25},"1":{"loc":{"start":{"line":57,"column":4},"end":{"line":60,"column":54}},"type":"if","locations":[{"start":{"line":57,"column":4},"end":{"line":60,"column":54}},{"start":{"line":57,"column":4},"end":{"line":60,"column":54}}],"line":57},"2":{"loc":{"start":{"line":65,"column":4},"end":{"line":65,"column":50}},"type":"if","locations":[{"start":{"line":65,"column":4},"end":{"line":65,"column":50}},{"start":{"line":65,"column":4},"end":{"line":65,"column":50}}],"line":65}},"s":{"0":3,"1":3,"2":3,"3":3,"4":3,"5":3,"6":51,"7":9,"8":3,"9":3,"10":3,"11":3,"12":3,"13":3,"14":4,"15":2,"16":3,"17":3,"18":3,"19":3,"20":3,"21":3,"22":1,"23":2,"24":3,"25":3,"26":1,"27":3,"28":10,"29":17,"30":17,"31":17,"32":17},"f":{"0":3,"1":51,"2":3,"3":3,"4":4,"5":2,"6":3,"7":10,"8":17,"9":17,"10":17,"11":17},"b":{"0":[9,42],"1":[1,2],"2":[1,2]},"_coverageSchema":"332fd63041d2c1bcb487cc26dd0d5f7d97098a6c","hash":"0557654d706c2d566cd80d8f5d0ace6a9b13f8bf"}
,"C:\\Users\\apett\\web-projects\\next-js\\portfolio-site\\components\\ContentSlider\\animations.js": {"path":"C:\\Users\\apett\\web-projects\\next-js\\portfolio-site\\components\\ContentSlider\\animations.js","statementMap":{"0":{"start":{"line":4,"column":28},"end":{"line":19,"column":1}},"1":{"start":{"line":5,"column":2},"end":{"line":18,"column":4}},"2":{"start":{"line":22,"column":31},"end":{"line":29,"column":1}},"3":{"start":{"line":23,"column":2},"end":{"line":28,"column":5}},"4":{"start":{"line":32,"column":30},"end":{"line":51,"column":1}},"5":{"start":{"line":33,"column":2},"end":{"line":50,"column":4}},"6":{"start":{"line":53,"column":22},"end":{"line":55,"column":1}},"7":{"start":{"line":54,"column":2},"end":{"line":54,"column":68}}},"fnMap":{"0":{"name":"(anonymous_0)","decl":{"start":{"line":4,"column":28},"end":{"line":4,"column":29}},"loc":{"start":{"line":4,"column":51},"end":{"line":19,"column":1}},"line":4},"1":{"name":"(anonymous_1)","decl":{"start":{"line":22,"column":31},"end":{"line":22,"column":32}},"loc":{"start":{"line":22,"column":54},"end":{"line":29,"column":1}},"line":22},"2":{"name":"(anonymous_2)","decl":{"start":{"line":32,"column":30},"end":{"line":32,"column":31}},"loc":{"start":{"line":32,"column":71},"end":{"line":51,"column":1}},"line":32},"3":{"name":"(anonymous_3)","decl":{"start":{"line":53,"column":22},"end":{"line":53,"column":23}},"loc":{"start":{"line":53,"column":29},"end":{"line":55,"column":1}},"line":53}},"branchMap":{},"s":{"0":1,"1":3,"2":1,"3":3,"4":1,"5":3,"6":1,"7":3},"f":{"0":3,"1":3,"2":3,"3":3},"b":{},"_coverageSchema":"332fd63041d2c1bcb487cc26dd0d5f7d97098a6c","hash":"5c2b6884dc22efee2250c7fe80e357db3b21209b"}
,"C:\\Users\\apett\\web-projects\\next-js\\portfolio-site\\components\\ContentSlider\\SVGDownArrow\\SVGDownArrow.js": {"path":"C:\\Users\\apett\\web-projects\\next-js\\portfolio-site\\components\\ContentSlider\\SVGDownArrow\\SVGDownArrow.js","statementMap":{"0":{"start":{"line":3,"column":4},"end":{"line":45,"column":6}}},"fnMap":{"0":{"name":"(anonymous_0)","decl":{"start":{"line":2,"column":2},"end":{"line":2,"column":3}},"loc":{"start":{"line":2,"column":11},"end":{"line":46,"column":3}},"line":2}},"branchMap":{},"s":{"0":10},"f":{"0":10},"b":{},"_coverageSchema":"332fd63041d2c1bcb487cc26dd0d5f7d97098a6c","hash":"7be66c9d70a8fea69d7194c4cecd9662c3518cc8"}
,"C:\\Users\\apett\\web-projects\\next-js\\portfolio-site\\components\\PostList\\PostList.js": {"path":"C:\\Users\\apett\\web-projects\\next-js\\portfolio-site\\components\\PostList\\PostList.js","statementMap":{"0":{"start":{"line":10,"column":4},"end":{"line":10,"column":12}},"1":{"start":{"line":11,"column":4},"end":{"line":11,"column":27}},"2":{"start":{"line":12,"column":4},"end":{"line":14,"column":6}},"3":{"start":{"line":13,"column":6},"end":{"line":13,"column":72}},"4":{"start":{"line":13,"column":28},"end":{"line":13,"column":72}},"5":{"start":{"line":15,"column":4},"end":{"line":15,"column":41}},"6":{"start":{"line":18,"column":39},"end":{"line":18,"column":43}},"7":{"start":{"line":19,"column":4},"end":{"line":19,"column":47}},"8":{"start":{"line":23,"column":4},"end":{"line":26,"column":24}},"9":{"start":{"line":24,"column":6},"end":{"line":24,"column":29}},"10":{"start":{"line":25,"column":6},"end":{"line":25,"column":18}},"11":{"start":{"line":26,"column":11},"end":{"line":26,"column":24}},"12":{"start":{"line":30,"column":29},"end":{"line":30,"column":33}},"13":{"start":{"line":31,"column":4},"end":{"line":40,"column":5}},"14":{"start":{"line":32,"column":25},"end":{"line":32,"column":44}},"15":{"start":{"line":33,"column":6},"end":{"line":39,"column":8}},"16":{"start":{"line":44,"column":4},"end":{"line":44,"column":41}},"17":{"start":{"line":48,"column":34},"end":{"line":48,"column":44}},"18":{"start":{"line":50,"column":21},"end":{"line":50,"column":49}},"19":{"start":{"line":51,"column":4},"end":{"line":121,"column":6}},"20":{"start":{"line":67,"column":10},"end":{"line":72,"column":14}},"21":{"start":{"line":68,"column":12},"end":{"line":72,"column":14}},"22":{"start":{"line":69,"column":50},"end":{"line":69,"column":75}},"23":{"start":{"line":125,"column":0},"end":{"line":127,"column":2}}},"fnMap":{"0":{"name":"(anonymous_0)","decl":{"start":{"line":9,"column":2},"end":{"line":9,"column":3}},"loc":{"start":{"line":9,"column":16},"end":{"line":16,"column":3}},"line":9},"1":{"name":"(anonymous_1)","decl":{"start":{"line":12,"column":23},"end":{"line":12,"column":24}},"loc":{"start":{"line":12,"column":34},"end":{"line":14,"column":5}},"line":12},"2":{"name":"(anonymous_2)","decl":{"start":{"line":17,"column":2},"end":{"line":17,"column":3}},"loc":{"start":{"line":17,"column":22},"end":{"line":20,"column":3}},"line":17},"3":{"name":"(anonymous_3)","decl":{"start":{"line":22,"column":2},"end":{"line":22,"column":3}},"loc":{"start":{"line":22,"column":35},"end":{"line":27,"column":3}},"line":22},"4":{"name":"(anonymous_4)","decl":{"start":{"line":29,"column":2},"end":{"line":29,"column":3}},"loc":{"start":{"line":29,"column":23},"end":{"line":41,"column":3}},"line":29},"5":{"name":"(anonymous_5)","decl":{"start":{"line":43,"column":2},"end":{"line":43,"column":3}},"loc":{"start":{"line":43,"column":26},"end":{"line":45,"column":3}},"line":43},"6":{"name":"(anonymous_6)","decl":{"start":{"line":47,"column":2},"end":{"line":47,"column":3}},"loc":{"start":{"line":47,"column":11},"end":{"line":122,"column":3}},"line":47},"7":{"name":"(anonymous_7)","decl":{"start":{"line":64,"column":19},"end":{"line":64,"column":20}},"loc":{"start":{"line":64,"column":32},"end":{"line":73,"column":9}},"line":64},"8":{"name":"(anonymous_8)","decl":{"start":{"line":69,"column":39},"end":{"line":69,"column":40}},"loc":{"start":{"line":69,"column":50},"end":{"line":69,"column":75}},"line":69}},"branchMap":{"0":{"loc":{"start":{"line":13,"column":6},"end":{"line":13,"column":72}},"type":"if","locations":[{"start":{"line":13,"column":6},"end":{"line":13,"column":72}},{"start":{"line":13,"column":6},"end":{"line":13,"column":72}}],"line":13},"1":{"loc":{"start":{"line":23,"column":4},"end":{"line":26,"column":24}},"type":"if","locations":[{"start":{"line":23,"column":4},"end":{"line":26,"column":24}},{"start":{"line":23,"column":4},"end":{"line":26,"column":24}}],"line":23},"2":{"loc":{"start":{"line":32,"column":25},"end":{"line":32,"column":44}},"type":"cond-expr","locations":[{"start":{"line":32,"column":33},"end":{"line":32,"column":38}},{"start":{"line":32,"column":41},"end":{"line":32,"column":44}}],"line":32},"3":{"loc":{"start":{"line":44,"column":11},"end":{"line":44,"column":40}},"type":"cond-expr","locations":[{"start":{"line":44,"column":25},"end":{"line":44,"column":36}},{"start":{"line":44,"column":39},"end":{"line":44,"column":40}}],"line":44},"4":{"loc":{"start":{"line":67,"column":10},"end":{"line":72,"column":14}},"type":"if","locations":[{"start":{"line":67,"column":10},"end":{"line":72,"column":14}},{"start":{"line":67,"column":10},"end":{"line":72,"column":14}}],"line":67},"5":{"loc":{"start":{"line":67,"column":14},"end":{"line":67,"column":39}},"type":"binary-expr","locations":[{"start":{"line":67,"column":14},"end":{"line":67,"column":23}},{"start":{"line":67,"column":27},"end":{"line":67,"column":39}}],"line":67}},"s":{"0":3,"1":3,"2":3,"3":15,"4":12,"5":3,"6":3,"7":3,"8":2,"9":1,"10":1,"11":1,"12":1,"13":1,"14":3,"15":3,"16":6,"17":4,"18":4,"19":4,"20":16,"21":12,"22":15,"23":1},"f":{"0":3,"1":15,"2":3,"3":2,"4":1,"5":6,"6":4,"7":16,"8":15},"b":{"0":[12,3],"1":[1,1],"2":[2,1],"3":[1,5],"4":[12,4],"5":[16,16]},"_coverageSchema":"332fd63041d2c1bcb487cc26dd0d5f7d97098a6c","hash":"14c4ce76292205b6b6dbe820c12c7d802f3af061"}
,"C:\\Users\\apett\\web-projects\\next-js\\portfolio-site\\components\\PostList\\animations.js": {"path":"C:\\Users\\apett\\web-projects\\next-js\\portfolio-site\\components\\PostList\\animations.js","statementMap":{"0":{"start":{"line":3,"column":34},"end":{"line":30,"column":1}},"1":{"start":{"line":4,"column":2},"end":{"line":4,"column":39}},"2":{"start":{"line":4,"column":27},"end":{"line":4,"column":39}},"3":{"start":{"line":5,"column":2},"end":{"line":10,"column":4}},"4":{"start":{"line":11,"column":2},"end":{"line":19,"column":3}},"5":{"start":{"line":12,"column":4},"end":{"line":18,"column":6}},"6":{"start":{"line":20,"column":2},"end":{"line":28,"column":3}},"7":{"start":{"line":21,"column":4},"end":{"line":27,"column":6}},"8":{"start":{"line":29,"column":2},"end":{"line":29,"column":12}}},"fnMap":{"0":{"name":"(anonymous_0)","decl":{"start":{"line":3,"column":34},"end":{"line":3,"column":35}},"loc":{"start":{"line":3,"column":50},"end":{"line":30,"column":1}},"line":3}},"branchMap":{"0":{"loc":{"start":{"line":4,"column":2},"end":{"line":4,"column":39}},"type":"if","locations":[{"start":{"line":4,"column":2},"end":{"line":4,"column":39}},{"start":{"line":4,"column":2},"end":{"line":4,"column":39}}],"line":4},"1":{"loc":{"start":{"line":11,"column":2},"end":{"line":19,"column":3}},"type":"if","locations":[{"start":{"line":11,"column":2},"end":{"line":19,"column":3}},{"start":{"line":11,"column":2},"end":{"line":19,"column":3}}],"line":11},"2":{"loc":{"start":{"line":20,"column":2},"end":{"line":28,"column":3}},"type":"if","locations":[{"start":{"line":20,"column":2},"end":{"line":28,"column":3}},{"start":{"line":20,"column":2},"end":{"line":28,"column":3}}],"line":20}},"s":{"0":2,"1":7,"2":1,"3":6,"4":6,"5":5,"6":6,"7":4,"8":6},"f":{"0":7},"b":{"0":[1,6],"1":[5,1],"2":[4,2]},"_coverageSchema":"332fd63041d2c1bcb487cc26dd0d5f7d97098a6c","hash":"b2efe90d44af4048d276f8b2c8b22ea4177e2e71"}
,"C:\\Users\\apett\\web-projects\\next-js\\portfolio-site\\components\\PostList\\PostItem\\PostItem.js": {"path":"C:\\Users\\apett\\web-projects\\next-js\\portfolio-site\\components\\PostList\\PostItem\\PostItem.js","statementMap":{"0":{"start":{"line":8,"column":27},"end":{"line":8,"column":37}},"1":{"start":{"line":9,"column":4},"end":{"line":67,"column":6}},"2":{"start":{"line":71,"column":0},"end":{"line":73,"column":2}}},"fnMap":{"0":{"name":"(anonymous_0)","decl":{"start":{"line":7,"column":2},"end":{"line":7,"column":3}},"loc":{"start":{"line":7,"column":11},"end":{"line":68,"column":3}},"line":7}},"branchMap":{},"s":{"0":13,"1":13,"2":2},"f":{"0":13},"b":{},"_coverageSchema":"332fd63041d2c1bcb487cc26dd0d5f7d97098a6c","hash":"62f4ea862f2ba058e461d0475df0a937634b1c4a"}
,"C:\\Users\\apett\\web-projects\\next-js\\portfolio-site\\tests\\setup.js": {"path":"C:\\Users\\apett\\web-projects\\next-js\\portfolio-site\\tests\\setup.js","statementMap":{"0":{"start":{"line":1,"column":13},"end":{"line":1,"column":30}},"1":{"start":{"line":2,"column":14},"end":{"line":2,"column":48}},"2":{"start":{"line":3,"column":0},"end":{"line":3,"column":45}}},"fnMap":{},"branchMap":{},"s":{"0":5,"1":5,"2":5},"f":{},"b":{},"_coverageSchema":"332fd63041d2c1bcb487cc26dd0d5f7d97098a6c","hash":"9fcbd84342f491397cf7ba9ee6eae32033b3c539"}
,"C:\\Users\\apett\\web-projects\\next-js\\portfolio-site\\utils\\utils.js": {"path":"C:\\Users\\apett\\web-projects\\next-js\\portfolio-site\\utils\\utils.js","statementMap":{"0":{"start":{"line":1,"column":26},"end":{"line":5,"column":1}},"1":{"start":{"line":2,"column":18},"end":{"line":2,"column":39}},"2":{"start":{"line":3,"column":2},"end":{"line":3,"column":21}},"3":{"start":{"line":4,"column":2},"end":{"line":4,"column":27}},"4":{"start":{"line":7,"column":22},"end":{"line":9,"column":1}},"5":{"start":{"line":8,"column":2},"end":{"line":8,"column":42}}},"fnMap":{"0":{"name":"(anonymous_0)","decl":{"start":{"line":1,"column":26},"end":{"line":1,"column":27}},"loc":{"start":{"line":1,"column":40},"end":{"line":5,"column":1}},"line":1},"1":{"name":"(anonymous_1)","decl":{"start":{"line":7,"column":22},"end":{"line":7,"column":23}},"loc":{"start":{"line":7,"column":29},"end":{"line":9,"column":1}},"line":7}},"branchMap":{},"s":{"0":3,"1":14,"2":14,"3":14,"4":3,"5":2},"f":{"0":14,"1":2},"b":{},"_coverageSchema":"332fd63041d2c1bcb487cc26dd0d5f7d97098a6c","hash":"ed1470fd13a45f937d83cb6eb9401428c41e7e0d"}
}
