{"C:\\Users\\apett\\web-projects\\next-js\\portfolio-site\\components\\ContentSlider\\ContentSlider.js": {"path":"C:\\Users\\apett\\web-projects\\next-js\\portfolio-site\\components\\ContentSlider\\ContentSlider.js","statementMap":{"0":{"start":{"line":15,"column":4},"end":{"line":15,"column":12}},"1":{"start":{"line":16,"column":4},"end":{"line":19,"column":6}},"2":{"start":{"line":20,"column":4},"end":{"line":20,"column":19}},"3":{"start":{"line":21,"column":4},"end":{"line":21,"column":58}},"4":{"start":{"line":23,"column":4},"end":{"line":23,"column":28}},"5":{"start":{"line":24,"column":4},"end":{"line":26,"column":6}},"6":{"start":{"line":25,"column":6},"end":{"line":25,"column":74}},"7":{"start":{"line":25,"column":41},"end":{"line":25,"column":74}},"8":{"start":{"line":27,"column":4},"end":{"line":27,"column":57}},"9":{"start":{"line":31,"column":45},"end":{"line":31,"column":49}},"10":{"start":{"line":32,"column":27},"end":{"line":32,"column":37}},"11":{"start":{"line":33,"column":4},"end":{"line":33,"column":44}},"12":{"start":{"line":34,"column":4},"end":{"line":34,"column":22}},"13":{"start":{"line":35,"column":4},"end":{"line":37,"column":13}},"14":{"start":{"line":36,"column":6},"end":{"line":36,"column":35}},"15":{"start":{"line":41,"column":30},"end":{"line":41,"column":34}},"16":{"start":{"line":42,"column":25},"end":{"line":42,"column":45}},"17":{"start":{"line":43,"column":22},"end":{"line":43,"column":43}},"18":{"start":{"line":46,"column":4},"end":{"line":46,"column":46}},"19":{"start":{"line":48,"column":4},"end":{"line":48,"column":38}},"20":{"start":{"line":50,"column":4},"end":{"line":55,"column":5}},"21":{"start":{"line":51,"column":6},"end":{"line":51,"column":39}},"22":{"start":{"line":54,"column":6},"end":{"line":54,"column":51}},"23":{"start":{"line":57,"column":4},"end":{"line":57,"column":30}},"24":{"start":{"line":59,"column":4},"end":{"line":59,"column":50}},"25":{"start":{"line":59,"column":36},"end":{"line":59,"column":50}},"26":{"start":{"line":61,"column":4},"end":{"line":61,"column":51}},"27":{"start":{"line":64,"column":4},"end":{"line":173,"column":6}},"28":{"start":{"line":67,"column":26},"end":{"line":67,"column":53}},"29":{"start":{"line":76,"column":26},"end":{"line":76,"column":53}},"30":{"start":{"line":92,"column":26},"end":{"line":92,"column":53}},"31":{"start":{"line":108,"column":27},"end":{"line":108,"column":51}}},"fnMap":{"0":{"name":"(anonymous_0)","decl":{"start":{"line":14,"column":2},"end":{"line":14,"column":3}},"loc":{"start":{"line":14,"column":16},"end":{"line":28,"column":3}},"line":14},"1":{"name":"(anonymous_1)","decl":{"start":{"line":24,"column":25},"end":{"line":24,"column":26}},"loc":{"start":{"line":24,"column":36},"end":{"line":26,"column":5}},"line":24},"2":{"name":"(anonymous_2)","decl":{"start":{"line":30,"column":2},"end":{"line":30,"column":3}},"loc":{"start":{"line":30,"column":22},"end":{"line":38,"column":3}},"line":30},"3":{"name":"(anonymous_3)","decl":{"start":{"line":35,"column":15},"end":{"line":35,"column":16}},"loc":{"start":{"line":35,"column":21},"end":{"line":37,"column":5}},"line":35},"4":{"name":"(anonymous_4)","decl":{"start":{"line":40,"column":2},"end":{"line":40,"column":3}},"loc":{"start":{"line":40,"column":19},"end":{"line":62,"column":3}},"line":40},"5":{"name":"(anonymous_5)","decl":{"start":{"line":63,"column":2},"end":{"line":63,"column":3}},"loc":{"start":{"line":63,"column":11},"end":{"line":174,"column":3}},"line":63},"6":{"name":"(anonymous_6)","decl":{"start":{"line":67,"column":15},"end":{"line":67,"column":16}},"loc":{"start":{"line":67,"column":26},"end":{"line":67,"column":53}},"line":67},"7":{"name":"(anonymous_7)","decl":{"start":{"line":76,"column":15},"end":{"line":76,"column":16}},"loc":{"start":{"line":76,"column":26},"end":{"line":76,"column":53}},"line":76},"8":{"name":"(anonymous_8)","decl":{"start":{"line":92,"column":15},"end":{"line":92,"column":16}},"loc":{"start":{"line":92,"column":26},"end":{"line":92,"column":53}},"line":92},"9":{"name":"(anonymous_9)","decl":{"start":{"line":108,"column":15},"end":{"line":108,"column":16}},"loc":{"start":{"line":108,"column":27},"end":{"line":108,"column":51}},"line":108}},"branchMap":{"0":{"loc":{"start":{"line":25,"column":6},"end":{"line":25,"column":74}},"type":"if","locations":[{"start":{"line":25,"column":6},"end":{"line":25,"column":74}},{"start":{"line":25,"column":6},"end":{"line":25,"column":74}}],"line":25},"1":{"loc":{"start":{"line":50,"column":4},"end":{"line":55,"column":5}},"type":"if","locations":[{"start":{"line":50,"column":4},"end":{"line":55,"column":5}},{"start":{"line":50,"column":4},"end":{"line":55,"column":5}}],"line":50},"2":{"loc":{"start":{"line":59,"column":4},"end":{"line":59,"column":50}},"type":"if","locations":[{"start":{"line":59,"column":4},"end":{"line":59,"column":50}},{"start":{"line":59,"column":4},"end":{"line":59,"column":50}}],"line":59}},"s":{"0":3,"1":3,"2":3,"3":3,"4":3,"5":3,"6":21,"7":9,"8":3,"9":3,"10":3,"11":3,"12":3,"13":3,"14":0,"15":1,"16":1,"17":1,"18":1,"19":1,"20":1,"21":0,"22":1,"23":1,"24":1,"25":0,"26":1,"27":5,"28":7,"29":7,"30":7,"31":7},"f":{"0":3,"1":21,"2":3,"3":0,"4":1,"5":5,"6":7,"7":7,"8":7,"9":7},"b":{"0":[9,12],"1":[0,1],"2":[0,1]},"_coverageSchema":"332fd63041d2c1bcb487cc26dd0d5f7d97098a6c","hash":"65f21622e569d16af69513404d434687c3de3204"}
,"C:\\Users\\apett\\web-projects\\next-js\\portfolio-site\\components\\ContentSlider\\animations.js": {"path":"C:\\Users\\apett\\web-projects\\next-js\\portfolio-site\\components\\ContentSlider\\animations.js","statementMap":{"0":{"start":{"line":4,"column":28},"end":{"line":19,"column":1}},"1":{"start":{"line":5,"column":2},"end":{"line":18,"column":4}},"2":{"start":{"line":22,"column":31},"end":{"line":29,"column":1}},"3":{"start":{"line":23,"column":2},"end":{"line":28,"column":5}},"4":{"start":{"line":32,"column":30},"end":{"line":53,"column":1}},"5":{"start":{"line":33,"column":2},"end":{"line":52,"column":4}},"6":{"start":{"line":49,"column":8},"end":{"line":49,"column":45}},"7":{"start":{"line":55,"column":22},"end":{"line":57,"column":1}},"8":{"start":{"line":56,"column":2},"end":{"line":56,"column":68}},"9":{"start":{"line":59,"column":14},"end":{"line":73,"column":1}},"10":{"start":{"line":60,"column":2},"end":{"line":72,"column":4}},"11":{"start":{"line":75,"column":29},"end":{"line":77,"column":1}},"12":{"start":{"line":76,"column":2},"end":{"line":76,"column":21}}},"fnMap":{"0":{"name":"(anonymous_0)","decl":{"start":{"line":4,"column":28},"end":{"line":4,"column":29}},"loc":{"start":{"line":4,"column":51},"end":{"line":19,"column":1}},"line":4},"1":{"name":"(anonymous_1)","decl":{"start":{"line":22,"column":31},"end":{"line":22,"column":32}},"loc":{"start":{"line":22,"column":54},"end":{"line":29,"column":1}},"line":22},"2":{"name":"(anonymous_2)","decl":{"start":{"line":32,"column":30},"end":{"line":32,"column":31}},"loc":{"start":{"line":32,"column":61},"end":{"line":53,"column":1}},"line":32},"3":{"name":"(anonymous_3)","decl":{"start":{"line":48,"column":18},"end":{"line":48,"column":19}},"loc":{"start":{"line":48,"column":24},"end":{"line":50,"column":7}},"line":48},"4":{"name":"(anonymous_4)","decl":{"start":{"line":55,"column":22},"end":{"line":55,"column":23}},"loc":{"start":{"line":55,"column":29},"end":{"line":57,"column":1}},"line":55},"5":{"name":"(anonymous_5)","decl":{"start":{"line":59,"column":14},"end":{"line":59,"column":15}},"loc":{"start":{"line":59,"column":21},"end":{"line":73,"column":1}},"line":59},"6":{"name":"(anonymous_6)","decl":{"start":{"line":75,"column":29},"end":{"line":75,"column":30}},"loc":{"start":{"line":75,"column":42},"end":{"line":77,"column":1}},"line":75}},"branchMap":{},"s":{"0":2,"1":3,"2":2,"3":1,"4":2,"5":2,"6":0,"7":2,"8":3,"9":2,"10":0,"11":2,"12":0},"f":{"0":3,"1":1,"2":2,"3":0,"4":3,"5":0,"6":0},"b":{},"_coverageSchema":"332fd63041d2c1bcb487cc26dd0d5f7d97098a6c","hash":"14369b6ee5dc0acc02318902152bf65b99b2e98e"}
,"C:\\Users\\apett\\web-projects\\next-js\\portfolio-site\\components\\ContentSlider\\SVGDownArrow\\SVGDownArrow.js": {"path":"C:\\Users\\apett\\web-projects\\next-js\\portfolio-site\\components\\ContentSlider\\SVGDownArrow\\SVGDownArrow.js","statementMap":{"0":{"start":{"line":3,"column":4},"end":{"line":45,"column":6}}},"fnMap":{"0":{"name":"(anonymous_0)","decl":{"start":{"line":2,"column":2},"end":{"line":2,"column":3}},"loc":{"start":{"line":2,"column":11},"end":{"line":46,"column":3}},"line":2}},"branchMap":{},"s":{"0":5},"f":{"0":5},"b":{},"_coverageSchema":"332fd63041d2c1bcb487cc26dd0d5f7d97098a6c","hash":"7be66c9d70a8fea69d7194c4cecd9662c3518cc8"}
,"C:\\Users\\apett\\web-projects\\next-js\\portfolio-site\\tests\\setup.js": {"path":"C:\\Users\\apett\\web-projects\\next-js\\portfolio-site\\tests\\setup.js","statementMap":{"0":{"start":{"line":1,"column":13},"end":{"line":1,"column":30}},"1":{"start":{"line":2,"column":14},"end":{"line":2,"column":48}},"2":{"start":{"line":3,"column":0},"end":{"line":3,"column":45}}},"fnMap":{},"branchMap":{},"s":{"0":3,"1":3,"2":3},"f":{},"b":{},"_coverageSchema":"332fd63041d2c1bcb487cc26dd0d5f7d97098a6c","hash":"9fcbd84342f491397cf7ba9ee6eae32033b3c539"}
,"C:\\Users\\apett\\web-projects\\next-js\\portfolio-site\\utils\\utils.js": {"path":"C:\\Users\\apett\\web-projects\\next-js\\portfolio-site\\utils\\utils.js","statementMap":{"0":{"start":{"line":1,"column":26},"end":{"line":5,"column":1}},"1":{"start":{"line":2,"column":18},"end":{"line":2,"column":39}},"2":{"start":{"line":3,"column":2},"end":{"line":3,"column":21}},"3":{"start":{"line":4,"column":2},"end":{"line":4,"column":27}},"4":{"start":{"line":7,"column":22},"end":{"line":9,"column":1}},"5":{"start":{"line":8,"column":2},"end":{"line":8,"column":42}}},"fnMap":{"0":{"name":"(anonymous_0)","decl":{"start":{"line":1,"column":26},"end":{"line":1,"column":27}},"loc":{"start":{"line":1,"column":40},"end":{"line":5,"column":1}},"line":1},"1":{"name":"(anonymous_1)","decl":{"start":{"line":7,"column":22},"end":{"line":7,"column":23}},"loc":{"start":{"line":7,"column":29},"end":{"line":9,"column":1}},"line":7}},"branchMap":{},"s":{"0":1,"1":1,"2":1,"3":1,"4":1,"5":2},"f":{"0":1,"1":2},"b":{},"_coverageSchema":"332fd63041d2c1bcb487cc26dd0d5f7d97098a6c","hash":"ed1470fd13a45f937d83cb6eb9401428c41e7e0d"}
}
