TN:
SF:C:\Users\apett\web-projects\next-js\portfolio-site\components\ContentSlider\ContentSlider.js
FN:14,(anonymous_0)
FN:24,(anonymous_1)
FN:30,(anonymous_2)
FN:35,(anonymous_3)
FN:40,(anonymous_4)
FN:63,(anonymous_5)
FN:67,(anonymous_6)
FN:76,(anonymous_7)
FN:92,(anonymous_8)
FN:108,(anonymous_9)
FNF:10
FNH:9
FNDA:3,(anonymous_0)
FNDA:21,(anonymous_1)
FNDA:3,(anonymous_2)
FNDA:0,(anonymous_3)
FNDA:1,(anonymous_4)
FNDA:5,(anonymous_5)
FNDA:7,(anonymous_6)
FNDA:7,(anonymous_7)
FNDA:7,(anonymous_8)
FNDA:7,(anonymous_9)
DA:15,3
DA:16,3
DA:20,3
DA:21,3
DA:23,3
DA:24,3
DA:25,21
DA:27,3
DA:31,3
DA:32,3
DA:33,3
DA:34,3
DA:35,3
DA:36,0
DA:41,1
DA:42,1
DA:43,1
DA:46,1
DA:48,1
DA:50,1
DA:51,0
DA:54,1
DA:57,1
DA:59,1
DA:61,1
DA:64,5
DA:67,7
DA:76,7
DA:92,7
DA:108,7
LF:30
LH:28
BRDA:25,0,0,9
BRDA:25,0,1,12
BRDA:50,1,0,0
BRDA:50,1,1,1
BRDA:59,2,0,0
BRDA:59,2,1,1
BRF:6
BRH:4
end_of_record
TN:
SF:C:\Users\apett\web-projects\next-js\portfolio-site\components\ContentSlider\animations.js
FN:4,(anonymous_0)
FN:22,(anonymous_1)
FN:32,(anonymous_2)
FN:48,(anonymous_3)
FN:55,(anonymous_4)
FN:59,(anonymous_5)
FN:75,(anonymous_6)
FNF:7
FNH:4
FNDA:3,(anonymous_0)
FNDA:1,(anonymous_1)
FNDA:2,(anonymous_2)
FNDA:0,(anonymous_3)
FNDA:3,(anonymous_4)
FNDA:0,(anonymous_5)
FNDA:0,(anonymous_6)
DA:4,2
DA:5,3
DA:22,2
DA:23,1
DA:32,2
DA:33,2
DA:49,0
DA:55,2
DA:56,3
DA:59,2
DA:60,0
DA:75,2
DA:76,0
LF:13
LH:10
BRF:0
BRH:0
end_of_record
TN:
SF:C:\Users\apett\web-projects\next-js\portfolio-site\components\ContentSlider\SVGDownArrow\SVGDownArrow.js
FN:2,(anonymous_0)
FNF:1
FNH:1
FNDA:5,(anonymous_0)
DA:3,5
LF:1
LH:1
BRF:0
BRH:0
end_of_record
TN:
SF:C:\Users\apett\web-projects\next-js\portfolio-site\tests\setup.js
FNF:0
FNH:0
DA:1,3
DA:2,3
DA:3,3
LF:3
LH:3
BRF:0
BRH:0
end_of_record
TN:
SF:C:\Users\apett\web-projects\next-js\portfolio-site\utils\utils.js
FN:1,(anonymous_0)
FN:7,(anonymous_1)
FNF:2
FNH:2
FNDA:1,(anonymous_0)
FNDA:2,(anonymous_1)
DA:1,1
DA:2,1
DA:3,1
DA:4,1
DA:7,1
DA:8,2
LF:6
LH:6
BRF:0
BRH:0
end_of_record
