TN:
SF:C:\Users\apett\web-projects\next-js\portfolio-site\components\ContentSlider\ContentSlider.js
FN:14,(anonymous_0)
FN:24,(anonymous_1)
FN:30,(anonymous_2)
FN:34,(anonymous_3)
FN:41,(anonymous_4)
FN:42,(anonymous_5)
FN:47,(anonymous_6)
FN:69,(anonymous_7)
FN:73,(anonymous_8)
FN:82,(anonymous_9)
FN:97,(anonymous_10)
FN:113,(anonymous_11)
FNF:12
FNH:12
FNDA:3,(anonymous_0)
FNDA:51,(anonymous_1)
FNDA:3,(anonymous_2)
FNDA:3,(anonymous_3)
FNDA:4,(anonymous_4)
FNDA:2,(anonymous_5)
FNDA:3,(anonymous_6)
FNDA:10,(anonymous_7)
FNDA:17,(anonymous_8)
FNDA:17,(anonymous_9)
FNDA:17,(anonymous_10)
FNDA:17,(anonymous_11)
DA:15,3
DA:16,3
DA:20,3
DA:21,3
DA:23,3
DA:24,3
DA:25,51
DA:27,3
DA:31,3
DA:35,3
DA:36,3
DA:37,3
DA:38,3
DA:42,4
DA:43,2
DA:48,3
DA:49,3
DA:50,3
DA:53,3
DA:55,3
DA:57,3
DA:58,1
DA:60,2
DA:63,3
DA:65,3
DA:67,3
DA:70,10
DA:73,17
DA:82,17
DA:97,17
DA:113,17
LF:31
LH:31
BRDA:25,0,0,9
BRDA:25,0,1,42
BRDA:57,1,0,1
BRDA:57,1,1,2
BRDA:65,2,0,1
BRDA:65,2,1,2
BRF:6
BRH:6
end_of_record
TN:
SF:C:\Users\apett\web-projects\next-js\portfolio-site\components\ContentSlider\animations.js
FN:4,(anonymous_0)
FN:22,(anonymous_1)
FN:32,(anonymous_2)
FN:53,(anonymous_3)
FNF:4
FNH:4
FNDA:3,(anonymous_0)
FNDA:3,(anonymous_1)
FNDA:3,(anonymous_2)
FNDA:3,(anonymous_3)
DA:4,1
DA:5,3
DA:22,1
DA:23,3
DA:32,1
DA:33,3
DA:53,1
DA:54,3
LF:8
LH:8
BRF:0
BRH:0
end_of_record
TN:
SF:C:\Users\apett\web-projects\next-js\portfolio-site\components\ContentSlider\SVGDownArrow\SVGDownArrow.js
FN:2,(anonymous_0)
FNF:1
FNH:1
FNDA:10,(anonymous_0)
DA:3,10
LF:1
LH:1
BRF:0
BRH:0
end_of_record
TN:
SF:C:\Users\apett\web-projects\next-js\portfolio-site\components\PostList\PostList.js
FN:8,(anonymous_0)
FN:11,(anonymous_1)
FN:17,(anonymous_2)
FN:45,(anonymous_3)
FN:52,(anonymous_4)
FN:66,(anonymous_5)
FN:83,(anonymous_6)
FN:88,(anonymous_7)
FNF:8
FNH:0
FNDA:0,(anonymous_0)
FNDA:0,(anonymous_1)
FNDA:0,(anonymous_2)
FNDA:0,(anonymous_3)
FNDA:0,(anonymous_4)
FNDA:0,(anonymous_5)
FNDA:0,(anonymous_6)
FNDA:0,(anonymous_7)
DA:9,0
DA:10,0
DA:11,0
DA:12,0
DA:14,0
DA:18,0
DA:19,0
DA:25,0
DA:26,0
DA:34,0
DA:35,0
DA:46,0
DA:47,0
DA:48,0
DA:49,0
DA:53,0
DA:54,0
DA:55,0
DA:56,0
DA:67,0
DA:69,0
DA:70,0
DA:86,0
DA:87,0
DA:88,0
DA:144,1
LF:26
LH:1
BRDA:12,0,0,0
BRDA:12,0,1,0
BRDA:25,1,0,0
BRDA:25,1,1,0
BRDA:34,2,0,0
BRDA:34,2,1,0
BRDA:46,3,0,0
BRDA:46,3,1,0
BRDA:55,4,0,0
BRDA:55,4,1,0
BRDA:69,5,0,0
BRDA:69,5,1,0
BRDA:86,6,0,0
BRDA:86,6,1,0
BRDA:86,7,0,0
BRDA:86,7,1,0
BRF:16
BRH:0
end_of_record
TN:
SF:C:\Users\apett\web-projects\next-js\portfolio-site\components\PostList\PostItem\PostItem.js
FN:7,(anonymous_0)
FNF:1
FNH:0
FNDA:0,(anonymous_0)
DA:8,0
DA:9,0
DA:71,1
LF:3
LH:1
BRF:0
BRH:0
end_of_record
TN:
SF:C:\Users\apett\web-projects\next-js\portfolio-site\tests\setup.js
FNF:0
FNH:0
DA:1,3
DA:2,3
DA:3,3
LF:3
LH:3
BRF:0
BRH:0
end_of_record
TN:
SF:C:\Users\apett\web-projects\next-js\portfolio-site\utils\utils.js
FN:1,(anonymous_0)
FN:7,(anonymous_1)
FNF:2
FNH:2
FNDA:1,(anonymous_0)
FNDA:2,(anonymous_1)
DA:1,2
DA:2,1
DA:3,1
DA:4,1
DA:7,2
DA:8,2
LF:6
LH:6
BRF:0
BRH:0
end_of_record
